2025-07-26 17:15:00,223 - __main__ - INFO - Configuration loaded from /app/freqtrade/config.json
LunoService initialized with API key: etcj2d7b9e...
LunoService initialized with API key: etcj2d7b9e...
Initialized exchanges: ['luno', 'binance']
2025-07-26 17:15:00,243 - real_freqai_service - INFO - Real FreqAI Service initialized
2025-07-26 17:15:00,826 - __main__ - INFO - FreqAI Strategy 'LunoFreqAIStrategy' loaded successfully
2025-07-26 17:15:00,826 - __main__ - INFO - Luno Trading Bot initialized
2025-07-26 17:15:00,860 - luno_trading_bot - INFO - Configuration loaded from /app/freqtrade/config.json
LunoService initialized with API key: etcj2d7b9e...
LunoService initialized with API key: etcj2d7b9e...
Initialized exchanges: ['luno', 'binance']
2025-07-26 17:15:00,881 - real_freqai_service - INFO - Real FreqAI Service initialized
2025-07-26 17:15:00,881 - luno_trading_bot - INFO - FreqAI Strategy 'LunoFreqAIStrategy' loaded successfully
2025-07-26 17:15:00,881 - luno_trading_bot - INFO - Luno Trading Bot initialized
INFO:     Started server process [14769]
INFO:     Waiting for application startup.
INFO:     Application startup complete.
INFO:     Uvicorn running on http://0.0.0.0:8082 (Press CTRL+C to quit)
INFO:     127.0.0.1:34266 - "GET / HTTP/1.1" 200 OK
INFO:     127.0.0.1:34280 - "GET /api/v1/freqai/status HTTP/1.1" 200 OK
Fetching BTCZAR data from luno for 365 days...
Error fetching batch: luno does not have market symbol BTCZAR
Fetching ETHZAR data from luno for 365 days...
Fetched 8736 candles for ETHZAR
2025-07-26 17:15:36,951 - real_freqai_service - INFO - Training FreqAI model for ETH/ZAR
2025-07-26 17:15:48,291 - real_freqai_service - INFO - FreqAI model trained for ETH/ZAR: Accuracy=0.673
Fetching XRPZAR data from luno for 365 days...
Fetched 8759 candles for XRPZAR
2025-07-26 17:16:09,372 - real_freqai_service - INFO - Training FreqAI model for XRP/ZAR
2025-07-26 17:16:20,253 - real_freqai_service - INFO - FreqAI model trained for XRP/ZAR: Accuracy=0.787
INFO:     127.0.0.1:53116 - "POST /api/v1/freqai/train HTTP/1.1" 200 OK
INFO:     127.0.0.1:40268 - "GET /api/v1/freqai/status HTTP/1.1" 200 OK
Fetching ETHZAR data from luno for 50 days...
Fetched 1186 candles for ETHZAR
INFO:     127.0.0.1:40272 - "GET /api/v1/freqai/predict?pair=ETH/ZAR HTTP/1.1" 200 OK
Fetching XRPZAR data from luno for 50 days...
Fetched 1199 candles for XRPZAR
INFO:     127.0.0.1:34344 - "GET /api/v1/freqai/predict?pair=XRP/ZAR HTTP/1.1" 200 OK
2025-07-26 17:16:47,043 - luno_trading_bot - INFO - Trading bot started
INFO:     127.0.0.1:39080 - "POST /api/v1/start HTTP/1.1" 200 OK
2025-07-26 17:16:47,043 - luno_trading_bot - INFO - Starting main trading loop
Fetching BTCUSDT data from luno for 50 days...
Error fetching batch: luno does not have market symbol BTCUSDT
2025-07-26 17:16:47,044 - luno_trading_bot - WARNING - No historical data for BTC/USDT
Fetching ETHUSDT data from luno for 50 days...
Fetched 757 candles for ETHUSDT
2025-07-26 17:16:50,616 - luno_trading_bot - ERROR - Error processing pair ETH/USDT: rsi() got an unexpected keyword argument 'timeperiod'
Fetching XRPUSDT data from luno for 50 days...
Fetched 1174 candles for XRPUSDT
2025-07-26 17:16:54,231 - luno_trading_bot - ERROR - Error processing pair XRP/USDT: rsi() got an unexpected keyword argument 'timeperiod'
Fetching BTCUSDT data from luno for 50 days...
Error fetching batch: luno does not have market symbol BTCUSDT
2025-07-26 17:16:59,232 - luno_trading_bot - WARNING - No historical data for BTC/USDT
Fetching ETHUSDT data from luno for 50 days...
Fetched 757 candles for ETHUSDT
2025-07-26 17:17:02,810 - luno_trading_bot - ERROR - Error processing pair ETH/USDT: rsi() got an unexpected keyword argument 'timeperiod'
Fetching XRPUSDT data from luno for 50 days...
Fetched 1174 candles for XRPUSDT
2025-07-26 17:17:06,431 - luno_trading_bot - ERROR - Error processing pair XRP/USDT: rsi() got an unexpected keyword argument 'timeperiod'
Fetching BTCUSDT data from luno for 50 days...
Error fetching batch: luno does not have market symbol BTCUSDT
2025-07-26 17:17:11,433 - luno_trading_bot - WARNING - No historical data for BTC/USDT
Fetching ETHUSDT data from luno for 50 days...
Fetched 757 candles for ETHUSDT
2025-07-26 17:17:15,092 - luno_trading_bot - ERROR - Error processing pair ETH/USDT: rsi() got an unexpected keyword argument 'timeperiod'
Fetching XRPUSDT data from luno for 50 days...
Fetched 1174 candles for XRPUSDT
2025-07-26 17:17:18,751 - luno_trading_bot - ERROR - Error processing pair XRP/USDT: rsi() got an unexpected keyword argument 'timeperiod'
Fetching BTCUSDT data from luno for 50 days...
Error fetching batch: luno does not have market symbol BTCUSDT
2025-07-26 17:17:23,752 - luno_trading_bot - WARNING - No historical data for BTC/USDT
Fetching ETHUSDT data from luno for 50 days...
Fetched 757 candles for ETHUSDT
2025-07-26 17:17:27,308 - luno_trading_bot - ERROR - Error processing pair ETH/USDT: rsi() got an unexpected keyword argument 'timeperiod'
Fetching XRPUSDT data from luno for 50 days...
Fetched 1174 candles for XRPUSDT
2025-07-26 17:17:30,957 - luno_trading_bot - ERROR - Error processing pair XRP/USDT: rsi() got an unexpected keyword argument 'timeperiod'
Fetching BTCUSDT data from luno for 50 days...
Error fetching batch: luno does not have market symbol BTCUSDT
2025-07-26 17:17:35,958 - luno_trading_bot - WARNING - No historical data for BTC/USDT
Fetching ETHUSDT data from luno for 50 days...
Fetched 757 candles for ETHUSDT
2025-07-26 17:17:39,535 - luno_trading_bot - ERROR - Error processing pair ETH/USDT: rsi() got an unexpected keyword argument 'timeperiod'
Fetching XRPUSDT data from luno for 50 days...
Fetched 1174 candles for XRPUSDT
2025-07-26 17:17:43,188 - luno_trading_bot - ERROR - Error processing pair XRP/USDT: rsi() got an unexpected keyword argument 'timeperiod'
Fetching BTCUSDT data from luno for 50 days...
Error fetching batch: luno does not have market symbol BTCUSDT
2025-07-26 17:17:48,189 - luno_trading_bot - WARNING - No historical data for BTC/USDT
Fetching ETHUSDT data from luno for 50 days...
Fetched 757 candles for ETHUSDT
2025-07-26 17:17:51,740 - luno_trading_bot - ERROR - Error processing pair ETH/USDT: rsi() got an unexpected keyword argument 'timeperiod'
Fetching XRPUSDT data from luno for 50 days...
Fetched 1174 candles for XRPUSDT
2025-07-26 17:17:55,375 - luno_trading_bot - ERROR - Error processing pair XRP/USDT: rsi() got an unexpected keyword argument 'timeperiod'
Fetching BTCUSDT data from luno for 50 days...
Error fetching batch: luno does not have market symbol BTCUSDT
2025-07-26 17:18:00,376 - luno_trading_bot - WARNING - No historical data for BTC/USDT
Fetching ETHUSDT data from luno for 50 days...
Fetched 757 candles for ETHUSDT
2025-07-26 17:18:03,977 - luno_trading_bot - ERROR - Error processing pair ETH/USDT: rsi() got an unexpected keyword argument 'timeperiod'
Fetching XRPUSDT data from luno for 50 days...
Fetched 1174 candles for XRPUSDT
2025-07-26 17:18:07,613 - luno_trading_bot - ERROR - Error processing pair XRP/USDT: rsi() got an unexpected keyword argument 'timeperiod'
Fetching BTCUSDT data from luno for 50 days...
Error fetching batch: luno does not have market symbol BTCUSDT
2025-07-26 17:18:12,615 - luno_trading_bot - WARNING - No historical data for BTC/USDT
Fetching ETHUSDT data from luno for 50 days...
Fetched 757 candles for ETHUSDT
2025-07-26 17:18:16,182 - luno_trading_bot - ERROR - Error processing pair ETH/USDT: rsi() got an unexpected keyword argument 'timeperiod'
Fetching XRPUSDT data from luno for 50 days...
Fetched 1174 candles for XRPUSDT
2025-07-26 17:18:19,800 - luno_trading_bot - ERROR - Error processing pair XRP/USDT: rsi() got an unexpected keyword argument 'timeperiod'
Fetching BTCUSDT data from luno for 50 days...
Error fetching batch: luno does not have market symbol BTCUSDT
2025-07-26 17:18:24,803 - luno_trading_bot - WARNING - No historical data for BTC/USDT
Fetching ETHUSDT data from luno for 50 days...
Fetched 757 candles for ETHUSDT
2025-07-26 17:18:28,369 - luno_trading_bot - ERROR - Error processing pair ETH/USDT: rsi() got an unexpected keyword argument 'timeperiod'
Fetching XRPUSDT data from luno for 50 days...
Fetched 1174 candles for XRPUSDT
2025-07-26 17:18:32,006 - luno_trading_bot - ERROR - Error processing pair XRP/USDT: rsi() got an unexpected keyword argument 'timeperiod'
Fetching BTCUSDT data from luno for 50 days...
Error fetching batch: luno does not have market symbol BTCUSDT
2025-07-26 17:18:37,008 - luno_trading_bot - WARNING - No historical data for BTC/USDT
Fetching ETHUSDT data from luno for 50 days...
Fetched 757 candles for ETHUSDT
2025-07-26 17:18:40,581 - luno_trading_bot - ERROR - Error processing pair ETH/USDT: rsi() got an unexpected keyword argument 'timeperiod'
Fetching XRPUSDT data from luno for 50 days...
Fetched 1174 candles for XRPUSDT
2025-07-26 17:18:44,257 - luno_trading_bot - ERROR - Error processing pair XRP/USDT: rsi() got an unexpected keyword argument 'timeperiod'
Fetching BTCUSDT data from luno for 50 days...
Error fetching batch: luno does not have market symbol BTCUSDT
2025-07-26 17:18:49,258 - luno_trading_bot - WARNING - No historical data for BTC/USDT
Fetching ETHUSDT data from luno for 50 days...
Fetched 757 candles for ETHUSDT
2025-07-26 17:18:52,829 - luno_trading_bot - ERROR - Error processing pair ETH/USDT: rsi() got an unexpected keyword argument 'timeperiod'
Fetching XRPUSDT data from luno for 50 days...
Fetched 1174 candles for XRPUSDT
2025-07-26 17:18:56,440 - luno_trading_bot - ERROR - Error processing pair XRP/USDT: rsi() got an unexpected keyword argument 'timeperiod'
Fetching BTCUSDT data from luno for 50 days...
Error fetching batch: luno does not have market symbol BTCUSDT
2025-07-26 17:19:01,442 - luno_trading_bot - WARNING - No historical data for BTC/USDT
Fetching ETHUSDT data from luno for 50 days...
Fetched 757 candles for ETHUSDT
2025-07-26 17:19:05,112 - luno_trading_bot - ERROR - Error processing pair ETH/USDT: rsi() got an unexpected keyword argument 'timeperiod'
Fetching XRPUSDT data from luno for 50 days...
Fetched 1174 candles for XRPUSDT
2025-07-26 17:19:08,736 - luno_trading_bot - ERROR - Error processing pair XRP/USDT: rsi() got an unexpected keyword argument 'timeperiod'
Fetching BTCUSDT data from luno for 50 days...
Error fetching batch: luno does not have market symbol BTCUSDT
2025-07-26 17:19:13,737 - luno_trading_bot - WARNING - No historical data for BTC/USDT
Fetching ETHUSDT data from luno for 50 days...
Fetched 757 candles for ETHUSDT
2025-07-26 17:19:17,281 - luno_trading_bot - ERROR - Error processing pair ETH/USDT: rsi() got an unexpected keyword argument 'timeperiod'
Fetching XRPUSDT data from luno for 50 days...
Fetched 1174 candles for XRPUSDT
2025-07-26 17:19:20,925 - luno_trading_bot - ERROR - Error processing pair XRP/USDT: rsi() got an unexpected keyword argument 'timeperiod'
Fetching BTCUSDT data from luno for 50 days...
Error fetching batch: luno does not have market symbol BTCUSDT
2025-07-26 17:19:25,927 - luno_trading_bot - WARNING - No historical data for BTC/USDT
Fetching ETHUSDT data from luno for 50 days...
Fetched 757 candles for ETHUSDT
2025-07-26 17:19:29,507 - luno_trading_bot - ERROR - Error processing pair ETH/USDT: rsi() got an unexpected keyword argument 'timeperiod'
Fetching XRPUSDT data from luno for 50 days...
Fetched 1174 candles for XRPUSDT
2025-07-26 17:19:33,135 - luno_trading_bot - ERROR - Error processing pair XRP/USDT: rsi() got an unexpected keyword argument 'timeperiod'
Fetching BTCUSDT data from luno for 50 days...
Error fetching batch: luno does not have market symbol BTCUSDT
2025-07-26 17:19:38,137 - luno_trading_bot - WARNING - No historical data for BTC/USDT
Fetching ETHUSDT data from luno for 50 days...
Error fetching batch: luno GET https://api.luno.com/api/exchange/1/candles?duration=3600&pair=ETHUSDT&since=1751029200001 502 Bad Gateway <html>
<head><title>502 Bad Gateway</title></head>
<body>
<center><h1>502 Bad Gateway</h1></center>
<hr><center>cloudflare</center>
</body>
</html>
Fetched 222 candles for ETHUSDT
2025-07-26 17:19:39,353 - luno_trading_bot - ERROR - Error processing pair ETH/USDT: rsi() got an unexpected keyword argument 'timeperiod'
Fetching XRPUSDT data from luno for 50 days...
Fetched 1174 candles for XRPUSDT
2025-07-26 17:19:43,047 - luno_trading_bot - ERROR - Error processing pair XRP/USDT: rsi() got an unexpected keyword argument 'timeperiod'
Fetching BTCUSDT data from luno for 50 days...
Error fetching batch: luno does not have market symbol BTCUSDT
2025-07-26 17:19:48,049 - luno_trading_bot - WARNING - No historical data for BTC/USDT
Fetching ETHUSDT data from luno for 50 days...
Fetched 757 candles for ETHUSDT
2025-07-26 17:19:51,628 - luno_trading_bot - ERROR - Error processing pair ETH/USDT: rsi() got an unexpected keyword argument 'timeperiod'
Fetching XRPUSDT data from luno for 50 days...
Fetched 1174 candles for XRPUSDT
2025-07-26 17:19:55,272 - luno_trading_bot - ERROR - Error processing pair XRP/USDT: rsi() got an unexpected keyword argument 'timeperiod'
Fetching BTCUSDT data from luno for 50 days...
Error fetching batch: luno does not have market symbol BTCUSDT
2025-07-26 17:20:00,273 - luno_trading_bot - WARNING - No historical data for BTC/USDT
Fetching ETHUSDT data from luno for 50 days...
Fetched 757 candles for ETHUSDT
2025-07-26 17:20:03,819 - luno_trading_bot - ERROR - Error processing pair ETH/USDT: rsi() got an unexpected keyword argument 'timeperiod'
Fetching XRPUSDT data from luno for 50 days...
Fetched 1174 candles for XRPUSDT
2025-07-26 17:20:07,461 - luno_trading_bot - ERROR - Error processing pair XRP/USDT: rsi() got an unexpected keyword argument 'timeperiod'
Fetching BTCUSDT data from luno for 50 days...
Error fetching batch: luno does not have market symbol BTCUSDT
2025-07-26 17:20:12,463 - luno_trading_bot - WARNING - No historical data for BTC/USDT
Fetching ETHUSDT data from luno for 50 days...
Fetched 757 candles for ETHUSDT
2025-07-26 17:20:16,014 - luno_trading_bot - ERROR - Error processing pair ETH/USDT: rsi() got an unexpected keyword argument 'timeperiod'
Fetching XRPUSDT data from luno for 50 days...
Fetched 1174 candles for XRPUSDT
2025-07-26 17:20:19,675 - luno_trading_bot - ERROR - Error processing pair XRP/USDT: rsi() got an unexpected keyword argument 'timeperiod'
Fetching BTCUSDT data from luno for 50 days...
Error fetching batch: luno does not have market symbol BTCUSDT
2025-07-26 17:20:24,676 - luno_trading_bot - WARNING - No historical data for BTC/USDT
Fetching ETHUSDT data from luno for 50 days...
Fetched 757 candles for ETHUSDT
2025-07-26 17:20:28,279 - luno_trading_bot - ERROR - Error processing pair ETH/USDT: rsi() got an unexpected keyword argument 'timeperiod'
Fetching XRPUSDT data from luno for 50 days...
Fetched 1174 candles for XRPUSDT
2025-07-26 17:20:31,845 - luno_trading_bot - ERROR - Error processing pair XRP/USDT: rsi() got an unexpected keyword argument 'timeperiod'
Fetching BTCUSDT data from luno for 50 days...
Error fetching batch: luno does not have market symbol BTCUSDT
2025-07-26 17:20:36,846 - luno_trading_bot - WARNING - No historical data for BTC/USDT
Fetching ETHUSDT data from luno for 50 days...
Fetched 757 candles for ETHUSDT
2025-07-26 17:20:40,420 - luno_trading_bot - ERROR - Error processing pair ETH/USDT: rsi() got an unexpected keyword argument 'timeperiod'
Fetching XRPUSDT data from luno for 50 days...
Fetched 1174 candles for XRPUSDT
2025-07-26 17:20:44,044 - luno_trading_bot - ERROR - Error processing pair XRP/USDT: rsi() got an unexpected keyword argument 'timeperiod'
Fetching BTCUSDT data from luno for 50 days...
Error fetching batch: luno does not have market symbol BTCUSDT
2025-07-26 17:20:49,045 - luno_trading_bot - WARNING - No historical data for BTC/USDT
Fetching ETHUSDT data from luno for 50 days...
Fetched 757 candles for ETHUSDT
2025-07-26 17:20:52,644 - luno_trading_bot - ERROR - Error processing pair ETH/USDT: rsi() got an unexpected keyword argument 'timeperiod'
Fetching XRPUSDT data from luno for 50 days...
Fetched 1174 candles for XRPUSDT
2025-07-26 17:20:56,277 - luno_trading_bot - ERROR - Error processing pair XRP/USDT: rsi() got an unexpected keyword argument 'timeperiod'
Fetching BTCUSDT data from luno for 50 days...
Error fetching batch: luno does not have market symbol BTCUSDT
2025-07-26 17:21:01,278 - luno_trading_bot - WARNING - No historical data for BTC/USDT
Fetching ETHUSDT data from luno for 50 days...
Fetched 757 candles for ETHUSDT
2025-07-26 17:21:04,830 - luno_trading_bot - ERROR - Error processing pair ETH/USDT: rsi() got an unexpected keyword argument 'timeperiod'
Fetching XRPUSDT data from luno for 50 days...
Fetched 1174 candles for XRPUSDT
2025-07-26 17:21:08,476 - luno_trading_bot - ERROR - Error processing pair XRP/USDT: rsi() got an unexpected keyword argument 'timeperiod'
Fetching BTCUSDT data from luno for 50 days...
Error fetching batch: luno does not have market symbol BTCUSDT
2025-07-26 17:21:13,477 - luno_trading_bot - WARNING - No historical data for BTC/USDT
Fetching ETHUSDT data from luno for 50 days...
Fetched 757 candles for ETHUSDT
2025-07-26 17:21:17,062 - luno_trading_bot - ERROR - Error processing pair ETH/USDT: rsi() got an unexpected keyword argument 'timeperiod'
Fetching XRPUSDT data from luno for 50 days...
Fetched 1174 candles for XRPUSDT
2025-07-26 17:21:20,659 - luno_trading_bot - ERROR - Error processing pair XRP/USDT: rsi() got an unexpected keyword argument 'timeperiod'
Fetching BTCUSDT data from luno for 50 days...
Error fetching batch: luno does not have market symbol BTCUSDT
2025-07-26 17:21:25,661 - luno_trading_bot - WARNING - No historical data for BTC/USDT
Fetching ETHUSDT data from luno for 50 days...
Fetched 757 candles for ETHUSDT
2025-07-26 17:21:29,211 - luno_trading_bot - ERROR - Error processing pair ETH/USDT: rsi() got an unexpected keyword argument 'timeperiod'
Fetching XRPUSDT data from luno for 50 days...
Fetched 1174 candles for XRPUSDT
2025-07-26 17:21:32,837 - luno_trading_bot - ERROR - Error processing pair XRP/USDT: rsi() got an unexpected keyword argument 'timeperiod'
Fetching BTCUSDT data from luno for 50 days...
Error fetching batch: luno does not have market symbol BTCUSDT
2025-07-26 17:21:37,839 - luno_trading_bot - WARNING - No historical data for BTC/USDT
Fetching ETHUSDT data from luno for 50 days...
Fetched 757 candles for ETHUSDT
2025-07-26 17:21:41,404 - luno_trading_bot - ERROR - Error processing pair ETH/USDT: rsi() got an unexpected keyword argument 'timeperiod'
Fetching XRPUSDT data from luno for 50 days...
Fetched 1174 candles for XRPUSDT
2025-07-26 17:21:45,065 - luno_trading_bot - ERROR - Error processing pair XRP/USDT: rsi() got an unexpected keyword argument 'timeperiod'
Fetching BTCUSDT data from luno for 50 days...
Error fetching batch: luno does not have market symbol BTCUSDT
2025-07-26 17:21:50,067 - luno_trading_bot - WARNING - No historical data for BTC/USDT
Fetching ETHUSDT data from luno for 50 days...
Fetched 757 candles for ETHUSDT
2025-07-26 17:21:53,623 - luno_trading_bot - ERROR - Error processing pair ETH/USDT: rsi() got an unexpected keyword argument 'timeperiod'
Fetching XRPUSDT data from luno for 50 days...
Fetched 1174 candles for XRPUSDT
2025-07-26 17:21:57,304 - luno_trading_bot - ERROR - Error processing pair XRP/USDT: rsi() got an unexpected keyword argument 'timeperiod'
Fetching BTCUSDT data from luno for 50 days...
Error fetching batch: luno does not have market symbol BTCUSDT
2025-07-26 17:22:02,306 - luno_trading_bot - WARNING - No historical data for BTC/USDT
Fetching ETHUSDT data from luno for 50 days...
Fetched 757 candles for ETHUSDT
2025-07-26 17:22:05,872 - luno_trading_bot - ERROR - Error processing pair ETH/USDT: rsi() got an unexpected keyword argument 'timeperiod'
Fetching XRPUSDT data from luno for 50 days...
Fetched 1174 candles for XRPUSDT
2025-07-26 17:22:09,764 - luno_trading_bot - ERROR - Error processing pair XRP/USDT: rsi() got an unexpected keyword argument 'timeperiod'
Fetching BTCUSDT data from luno for 50 days...
Error fetching batch: luno does not have market symbol BTCUSDT
2025-07-26 17:22:14,766 - luno_trading_bot - WARNING - No historical data for BTC/USDT
Fetching ETHUSDT data from luno for 50 days...
Fetched 757 candles for ETHUSDT
2025-07-26 17:22:18,362 - luno_trading_bot - ERROR - Error processing pair ETH/USDT: rsi() got an unexpected keyword argument 'timeperiod'
Fetching XRPUSDT data from luno for 50 days...
Fetched 1174 candles for XRPUSDT
2025-07-26 17:22:21,978 - luno_trading_bot - ERROR - Error processing pair XRP/USDT: rsi() got an unexpected keyword argument 'timeperiod'
Fetching BTCUSDT data from luno for 50 days...
Error fetching batch: luno does not have market symbol BTCUSDT
2025-07-26 17:22:26,980 - luno_trading_bot - WARNING - No historical data for BTC/USDT
Fetching ETHUSDT data from luno for 50 days...
Fetched 757 candles for ETHUSDT
2025-07-26 17:22:30,581 - luno_trading_bot - ERROR - Error processing pair ETH/USDT: rsi() got an unexpected keyword argument 'timeperiod'
Fetching XRPUSDT data from luno for 50 days...
Fetched 1174 candles for XRPUSDT
2025-07-26 17:22:34,197 - luno_trading_bot - ERROR - Error processing pair XRP/USDT: rsi() got an unexpected keyword argument 'timeperiod'
Fetching BTCUSDT data from luno for 50 days...
Error fetching batch: luno does not have market symbol BTCUSDT
2025-07-26 17:22:39,200 - luno_trading_bot - WARNING - No historical data for BTC/USDT
Fetching ETHUSDT data from luno for 50 days...
Fetched 757 candles for ETHUSDT
2025-07-26 17:22:42,767 - luno_trading_bot - ERROR - Error processing pair ETH/USDT: rsi() got an unexpected keyword argument 'timeperiod'
Fetching XRPUSDT data from luno for 50 days...
Fetched 1174 candles for XRPUSDT
2025-07-26 17:22:46,407 - luno_trading_bot - ERROR - Error processing pair XRP/USDT: rsi() got an unexpected keyword argument 'timeperiod'
Fetching BTCUSDT data from luno for 50 days...
Error fetching batch: luno does not have market symbol BTCUSDT
2025-07-26 17:22:51,408 - luno_trading_bot - WARNING - No historical data for BTC/USDT
Fetching ETHUSDT data from luno for 50 days...
Fetched 757 candles for ETHUSDT
2025-07-26 17:22:54,974 - luno_trading_bot - ERROR - Error processing pair ETH/USDT: rsi() got an unexpected keyword argument 'timeperiod'
Fetching XRPUSDT data from luno for 50 days...
Fetched 1174 candles for XRPUSDT
2025-07-26 17:22:58,623 - luno_trading_bot - ERROR - Error processing pair XRP/USDT: rsi() got an unexpected keyword argument 'timeperiod'
Fetching BTCUSDT data from luno for 50 days...
Error fetching batch: luno does not have market symbol BTCUSDT
2025-07-26 17:23:03,624 - luno_trading_bot - WARNING - No historical data for BTC/USDT
Fetching ETHUSDT data from luno for 50 days...
Fetched 757 candles for ETHUSDT
2025-07-26 17:23:07,242 - luno_trading_bot - ERROR - Error processing pair ETH/USDT: rsi() got an unexpected keyword argument 'timeperiod'
Fetching XRPUSDT data from luno for 50 days...
Fetched 1174 candles for XRPUSDT
2025-07-26 17:23:10,839 - luno_trading_bot - ERROR - Error processing pair XRP/USDT: rsi() got an unexpected keyword argument 'timeperiod'
Fetching BTCUSDT data from luno for 50 days...
Error fetching batch: luno does not have market symbol BTCUSDT
2025-07-26 17:23:15,840 - luno_trading_bot - WARNING - No historical data for BTC/USDT
Fetching ETHUSDT data from luno for 50 days...
Fetched 757 candles for ETHUSDT
2025-07-26 17:23:19,409 - luno_trading_bot - ERROR - Error processing pair ETH/USDT: rsi() got an unexpected keyword argument 'timeperiod'
Fetching XRPUSDT data from luno for 50 days...
Fetched 1174 candles for XRPUSDT
2025-07-26 17:23:23,040 - luno_trading_bot - ERROR - Error processing pair XRP/USDT: rsi() got an unexpected keyword argument 'timeperiod'
Fetching BTCUSDT data from luno for 50 days...
Error fetching batch: luno does not have market symbol BTCUSDT
2025-07-26 17:23:28,041 - luno_trading_bot - WARNING - No historical data for BTC/USDT
Fetching ETHUSDT data from luno for 50 days...
Fetched 757 candles for ETHUSDT
2025-07-26 17:23:31,620 - luno_trading_bot - ERROR - Error processing pair ETH/USDT: rsi() got an unexpected keyword argument 'timeperiod'
Fetching XRPUSDT data from luno for 50 days...
Fetched 1174 candles for XRPUSDT
2025-07-26 17:23:35,225 - luno_trading_bot - ERROR - Error processing pair XRP/USDT: rsi() got an unexpected keyword argument 'timeperiod'
Fetching BTCUSDT data from luno for 50 days...
Error fetching batch: luno does not have market symbol BTCUSDT
2025-07-26 17:23:40,226 - luno_trading_bot - WARNING - No historical data for BTC/USDT
Fetching ETHUSDT data from luno for 50 days...
Fetched 757 candles for ETHUSDT
2025-07-26 17:23:43,971 - luno_trading_bot - ERROR - Error processing pair ETH/USDT: rsi() got an unexpected keyword argument 'timeperiod'
Fetching XRPUSDT data from luno for 50 days...
Fetched 1174 candles for XRPUSDT
2025-07-26 17:23:47,594 - luno_trading_bot - ERROR - Error processing pair XRP/USDT: rsi() got an unexpected keyword argument 'timeperiod'
Fetching BTCUSDT data from luno for 50 days...
Error fetching batch: luno does not have market symbol BTCUSDT
2025-07-26 17:23:52,595 - luno_trading_bot - WARNING - No historical data for BTC/USDT
Fetching ETHUSDT data from luno for 50 days...
Fetched 757 candles for ETHUSDT
2025-07-26 17:23:56,150 - luno_trading_bot - ERROR - Error processing pair ETH/USDT: rsi() got an unexpected keyword argument 'timeperiod'
Fetching XRPUSDT data from luno for 50 days...
Fetched 1174 candles for XRPUSDT
2025-07-26 17:23:59,759 - luno_trading_bot - ERROR - Error processing pair XRP/USDT: rsi() got an unexpected keyword argument 'timeperiod'
Fetching BTCUSDT data from luno for 50 days...
Error fetching batch: luno does not have market symbol BTCUSDT
2025-07-26 17:24:04,775 - luno_trading_bot - WARNING - No historical data for BTC/USDT
Fetching ETHUSDT data from luno for 50 days...
Fetched 757 candles for ETHUSDT
2025-07-26 17:24:08,354 - luno_trading_bot - ERROR - Error processing pair ETH/USDT: rsi() got an unexpected keyword argument 'timeperiod'
Fetching XRPUSDT data from luno for 50 days...
Fetched 1174 candles for XRPUSDT
2025-07-26 17:24:11,969 - luno_trading_bot - ERROR - Error processing pair XRP/USDT: rsi() got an unexpected keyword argument 'timeperiod'
Fetching BTCUSDT data from luno for 50 days...
Error fetching batch: luno does not have market symbol BTCUSDT
2025-07-26 17:24:16,971 - luno_trading_bot - WARNING - No historical data for BTC/USDT
Fetching ETHUSDT data from luno for 50 days...
Fetched 757 candles for ETHUSDT
2025-07-26 17:24:20,548 - luno_trading_bot - ERROR - Error processing pair ETH/USDT: rsi() got an unexpected keyword argument 'timeperiod'
Fetching XRPUSDT data from luno for 50 days...
Fetched 1174 candles for XRPUSDT
2025-07-26 17:24:24,202 - luno_trading_bot - ERROR - Error processing pair XRP/USDT: rsi() got an unexpected keyword argument 'timeperiod'
Fetching BTCUSDT data from luno for 50 days...
Error fetching batch: luno does not have market symbol BTCUSDT
2025-07-26 17:24:29,203 - luno_trading_bot - WARNING - No historical data for BTC/USDT
Fetching ETHUSDT data from luno for 50 days...
Fetched 757 candles for ETHUSDT
2025-07-26 17:24:32,768 - luno_trading_bot - ERROR - Error processing pair ETH/USDT: rsi() got an unexpected keyword argument 'timeperiod'
Fetching XRPUSDT data from luno for 50 days...
Fetched 1174 candles for XRPUSDT
2025-07-26 17:24:36,412 - luno_trading_bot - ERROR - Error processing pair XRP/USDT: rsi() got an unexpected keyword argument 'timeperiod'
Fetching BTCUSDT data from luno for 50 days...
Error fetching batch: luno does not have market symbol BTCUSDT
2025-07-26 17:24:41,414 - luno_trading_bot - WARNING - No historical data for BTC/USDT
Fetching ETHUSDT data from luno for 50 days...
Fetched 757 candles for ETHUSDT
2025-07-26 17:24:44,998 - luno_trading_bot - ERROR - Error processing pair ETH/USDT: rsi() got an unexpected keyword argument 'timeperiod'
Fetching XRPUSDT data from luno for 50 days...
Fetched 1174 candles for XRPUSDT
2025-07-26 17:24:48,657 - luno_trading_bot - ERROR - Error processing pair XRP/USDT: rsi() got an unexpected keyword argument 'timeperiod'
Fetching BTCUSDT data from luno for 50 days...
Error fetching batch: luno does not have market symbol BTCUSDT
2025-07-26 17:24:53,658 - luno_trading_bot - WARNING - No historical data for BTC/USDT
Fetching ETHUSDT data from luno for 50 days...
Fetched 757 candles for ETHUSDT
2025-07-26 17:24:57,225 - luno_trading_bot - ERROR - Error processing pair ETH/USDT: rsi() got an unexpected keyword argument 'timeperiod'
Fetching XRPUSDT data from luno for 50 days...
Fetched 1174 candles for XRPUSDT
2025-07-26 17:25:00,852 - luno_trading_bot - ERROR - Error processing pair XRP/USDT: rsi() got an unexpected keyword argument 'timeperiod'
Fetching BTCUSDT data from luno for 50 days...
Error fetching batch: luno does not have market symbol BTCUSDT
2025-07-26 17:25:05,853 - luno_trading_bot - WARNING - No historical data for BTC/USDT
Fetching ETHUSDT data from luno for 50 days...
Fetched 757 candles for ETHUSDT
2025-07-26 17:25:09,423 - luno_trading_bot - ERROR - Error processing pair ETH/USDT: rsi() got an unexpected keyword argument 'timeperiod'
Fetching XRPUSDT data from luno for 50 days...
Fetched 1174 candles for XRPUSDT
2025-07-26 17:25:13,048 - luno_trading_bot - ERROR - Error processing pair XRP/USDT: rsi() got an unexpected keyword argument 'timeperiod'
Fetching BTCUSDT data from luno for 50 days...
Error fetching batch: luno does not have market symbol BTCUSDT
2025-07-26 17:25:18,049 - luno_trading_bot - WARNING - No historical data for BTC/USDT
Fetching ETHUSDT data from luno for 50 days...
Fetched 757 candles for ETHUSDT
2025-07-26 17:25:21,637 - luno_trading_bot - ERROR - Error processing pair ETH/USDT: rsi() got an unexpected keyword argument 'timeperiod'
Fetching XRPUSDT data from luno for 50 days...
Fetched 1174 candles for XRPUSDT
2025-07-26 17:25:25,252 - luno_trading_bot - ERROR - Error processing pair XRP/USDT: rsi() got an unexpected keyword argument 'timeperiod'
Fetching BTCUSDT data from luno for 50 days...
Error fetching batch: luno does not have market symbol BTCUSDT
2025-07-26 17:25:30,253 - luno_trading_bot - WARNING - No historical data for BTC/USDT
Fetching ETHUSDT data from luno for 50 days...
Fetched 757 candles for ETHUSDT
2025-07-26 17:25:33,848 - luno_trading_bot - ERROR - Error processing pair ETH/USDT: rsi() got an unexpected keyword argument 'timeperiod'
Fetching XRPUSDT data from luno for 50 days...
Fetched 1174 candles for XRPUSDT
2025-07-26 17:25:37,443 - luno_trading_bot - ERROR - Error processing pair XRP/USDT: rsi() got an unexpected keyword argument 'timeperiod'
Fetching BTCUSDT data from luno for 50 days...
Error fetching batch: luno does not have market symbol BTCUSDT
2025-07-26 17:25:42,444 - luno_trading_bot - WARNING - No historical data for BTC/USDT
Fetching ETHUSDT data from luno for 50 days...
Fetched 757 candles for ETHUSDT
2025-07-26 17:25:46,032 - luno_trading_bot - ERROR - Error processing pair ETH/USDT: rsi() got an unexpected keyword argument 'timeperiod'
Fetching XRPUSDT data from luno for 50 days...
Fetched 1174 candles for XRPUSDT
2025-07-26 17:25:49,706 - luno_trading_bot - ERROR - Error processing pair XRP/USDT: rsi() got an unexpected keyword argument 'timeperiod'
Fetching BTCUSDT data from luno for 50 days...
Error fetching batch: luno does not have market symbol BTCUSDT
2025-07-26 17:25:54,707 - luno_trading_bot - WARNING - No historical data for BTC/USDT
Fetching ETHUSDT data from luno for 50 days...
Fetched 757 candles for ETHUSDT
2025-07-26 17:25:58,262 - luno_trading_bot - ERROR - Error processing pair ETH/USDT: rsi() got an unexpected keyword argument 'timeperiod'
Fetching XRPUSDT data from luno for 50 days...
Fetched 1174 candles for XRPUSDT
2025-07-26 17:26:01,941 - luno_trading_bot - ERROR - Error processing pair XRP/USDT: rsi() got an unexpected keyword argument 'timeperiod'
Fetching BTCUSDT data from luno for 50 days...
Error fetching batch: luno does not have market symbol BTCUSDT
2025-07-26 17:26:06,942 - luno_trading_bot - WARNING - No historical data for BTC/USDT
Fetching ETHUSDT data from luno for 50 days...
Fetched 757 candles for ETHUSDT
2025-07-26 17:26:10,504 - luno_trading_bot - ERROR - Error processing pair ETH/USDT: rsi() got an unexpected keyword argument 'timeperiod'
Fetching XRPUSDT data from luno for 50 days...
Fetched 1174 candles for XRPUSDT
2025-07-26 17:26:14,137 - luno_trading_bot - ERROR - Error processing pair XRP/USDT: rsi() got an unexpected keyword argument 'timeperiod'
Fetching BTCUSDT data from luno for 50 days...
Error fetching batch: luno does not have market symbol BTCUSDT
2025-07-26 17:26:19,139 - luno_trading_bot - WARNING - No historical data for BTC/USDT
Fetching ETHUSDT data from luno for 50 days...
Fetched 757 candles for ETHUSDT
2025-07-26 17:26:22,745 - luno_trading_bot - ERROR - Error processing pair ETH/USDT: rsi() got an unexpected keyword argument 'timeperiod'
Fetching XRPUSDT data from luno for 50 days...
Fetched 1174 candles for XRPUSDT
2025-07-26 17:26:26,386 - luno_trading_bot - ERROR - Error processing pair XRP/USDT: rsi() got an unexpected keyword argument 'timeperiod'
Fetching BTCUSDT data from luno for 50 days...
Error fetching batch: luno does not have market symbol BTCUSDT
2025-07-26 17:26:31,388 - luno_trading_bot - WARNING - No historical data for BTC/USDT
Fetching ETHUSDT data from luno for 50 days...
Fetched 757 candles for ETHUSDT
2025-07-26 17:26:34,948 - luno_trading_bot - ERROR - Error processing pair ETH/USDT: rsi() got an unexpected keyword argument 'timeperiod'
Fetching XRPUSDT data from luno for 50 days...
Fetched 1174 candles for XRPUSDT
2025-07-26 17:26:38,565 - luno_trading_bot - ERROR - Error processing pair XRP/USDT: rsi() got an unexpected keyword argument 'timeperiod'
Fetching BTCUSDT data from luno for 50 days...
Error fetching batch: luno does not have market symbol BTCUSDT
2025-07-26 17:26:43,566 - luno_trading_bot - WARNING - No historical data for BTC/USDT
Fetching ETHUSDT data from luno for 50 days...
Fetched 757 candles for ETHUSDT
2025-07-26 17:26:47,161 - luno_trading_bot - ERROR - Error processing pair ETH/USDT: rsi() got an unexpected keyword argument 'timeperiod'
Fetching XRPUSDT data from luno for 50 days...
Fetched 1174 candles for XRPUSDT
2025-07-26 17:26:50,825 - luno_trading_bot - ERROR - Error processing pair XRP/USDT: rsi() got an unexpected keyword argument 'timeperiod'
Fetching BTCUSDT data from luno for 50 days...
Error fetching batch: luno does not have market symbol BTCUSDT
2025-07-26 17:26:55,827 - luno_trading_bot - WARNING - No historical data for BTC/USDT
Fetching ETHUSDT data from luno for 50 days...
Fetched 757 candles for ETHUSDT
2025-07-26 17:26:59,422 - luno_trading_bot - ERROR - Error processing pair ETH/USDT: rsi() got an unexpected keyword argument 'timeperiod'
Fetching XRPUSDT data from luno for 50 days...
Fetched 1174 candles for XRPUSDT
2025-07-26 17:27:03,139 - luno_trading_bot - ERROR - Error processing pair XRP/USDT: rsi() got an unexpected keyword argument 'timeperiod'
Fetching BTCUSDT data from luno for 50 days...
Error fetching batch: luno does not have market symbol BTCUSDT
2025-07-26 17:27:08,140 - luno_trading_bot - WARNING - No historical data for BTC/USDT
Fetching ETHUSDT data from luno for 50 days...
Fetched 757 candles for ETHUSDT
2025-07-26 17:27:11,727 - luno_trading_bot - ERROR - Error processing pair ETH/USDT: rsi() got an unexpected keyword argument 'timeperiod'
Fetching XRPUSDT data from luno for 50 days...
Fetched 1174 candles for XRPUSDT
2025-07-26 17:27:15,420 - luno_trading_bot - ERROR - Error processing pair XRP/USDT: rsi() got an unexpected keyword argument 'timeperiod'
Fetching BTCUSDT data from luno for 50 days...
Error fetching batch: luno does not have market symbol BTCUSDT
2025-07-26 17:27:20,421 - luno_trading_bot - WARNING - No historical data for BTC/USDT
Fetching ETHUSDT data from luno for 50 days...
Fetched 757 candles for ETHUSDT
2025-07-26 17:27:23,991 - luno_trading_bot - ERROR - Error processing pair ETH/USDT: rsi() got an unexpected keyword argument 'timeperiod'
Fetching XRPUSDT data from luno for 50 days...
Fetched 1174 candles for XRPUSDT
2025-07-26 17:27:27,650 - luno_trading_bot - ERROR - Error processing pair XRP/USDT: rsi() got an unexpected keyword argument 'timeperiod'
Fetching BTCUSDT data from luno for 50 days...
Error fetching batch: luno does not have market symbol BTCUSDT
2025-07-26 17:27:32,652 - luno_trading_bot - WARNING - No historical data for BTC/USDT
Fetching ETHUSDT data from luno for 50 days...
Fetched 757 candles for ETHUSDT
2025-07-26 17:27:36,210 - luno_trading_bot - ERROR - Error processing pair ETH/USDT: rsi() got an unexpected keyword argument 'timeperiod'
Fetching XRPUSDT data from luno for 50 days...
Fetched 1174 candles for XRPUSDT
2025-07-26 17:27:39,847 - luno_trading_bot - ERROR - Error processing pair XRP/USDT: rsi() got an unexpected keyword argument 'timeperiod'
Fetching BTCUSDT data from luno for 50 days...
Error fetching batch: luno does not have market symbol BTCUSDT
2025-07-26 17:27:44,849 - luno_trading_bot - WARNING - No historical data for BTC/USDT
Fetching ETHUSDT data from luno for 50 days...
Fetched 757 candles for ETHUSDT
2025-07-26 17:27:48,412 - luno_trading_bot - ERROR - Error processing pair ETH/USDT: rsi() got an unexpected keyword argument 'timeperiod'
Fetching XRPUSDT data from luno for 50 days...
Fetched 1174 candles for XRPUSDT
2025-07-26 17:27:52,047 - luno_trading_bot - ERROR - Error processing pair XRP/USDT: rsi() got an unexpected keyword argument 'timeperiod'
Fetching BTCUSDT data from luno for 50 days...
Error fetching batch: luno does not have market symbol BTCUSDT
2025-07-26 17:27:57,049 - luno_trading_bot - WARNING - No historical data for BTC/USDT
Fetching ETHUSDT data from luno for 50 days...
Fetched 757 candles for ETHUSDT
2025-07-26 17:28:00,661 - luno_trading_bot - ERROR - Error processing pair ETH/USDT: rsi() got an unexpected keyword argument 'timeperiod'
Fetching XRPUSDT data from luno for 50 days...
Fetched 1174 candles for XRPUSDT
2025-07-26 17:28:04,294 - luno_trading_bot - ERROR - Error processing pair XRP/USDT: rsi() got an unexpected keyword argument 'timeperiod'
Fetching BTCUSDT data from luno for 50 days...
Error fetching batch: luno does not have market symbol BTCUSDT
2025-07-26 17:28:09,297 - luno_trading_bot - WARNING - No historical data for BTC/USDT
Fetching ETHUSDT data from luno for 50 days...
Fetched 757 candles for ETHUSDT
2025-07-26 17:28:12,968 - luno_trading_bot - ERROR - Error processing pair ETH/USDT: rsi() got an unexpected keyword argument 'timeperiod'
Fetching XRPUSDT data from luno for 50 days...
Fetched 1174 candles for XRPUSDT
2025-07-26 17:28:16,556 - luno_trading_bot - ERROR - Error processing pair XRP/USDT: rsi() got an unexpected keyword argument 'timeperiod'
Fetching BTCUSDT data from luno for 50 days...
Error fetching batch: luno does not have market symbol BTCUSDT
2025-07-26 17:28:21,557 - luno_trading_bot - WARNING - No historical data for BTC/USDT
Fetching ETHUSDT data from luno for 50 days...
Fetched 757 candles for ETHUSDT
2025-07-26 17:28:25,108 - luno_trading_bot - ERROR - Error processing pair ETH/USDT: rsi() got an unexpected keyword argument 'timeperiod'
Fetching XRPUSDT data from luno for 50 days...
Fetched 1174 candles for XRPUSDT
2025-07-26 17:28:28,723 - luno_trading_bot - ERROR - Error processing pair XRP/USDT: rsi() got an unexpected keyword argument 'timeperiod'
Fetching BTCUSDT data from luno for 50 days...
Error fetching batch: luno does not have market symbol BTCUSDT
2025-07-26 17:28:33,725 - luno_trading_bot - WARNING - No historical data for BTC/USDT
Fetching ETHUSDT data from luno for 50 days...
Fetched 757 candles for ETHUSDT
2025-07-26 17:28:37,292 - luno_trading_bot - ERROR - Error processing pair ETH/USDT: rsi() got an unexpected keyword argument 'timeperiod'
Fetching XRPUSDT data from luno for 50 days...
Fetched 1174 candles for XRPUSDT
2025-07-26 17:28:40,896 - luno_trading_bot - ERROR - Error processing pair XRP/USDT: rsi() got an unexpected keyword argument 'timeperiod'
Fetching BTCUSDT data from luno for 50 days...
Error fetching batch: luno does not have market symbol BTCUSDT
2025-07-26 17:28:45,898 - luno_trading_bot - WARNING - No historical data for BTC/USDT
Fetching ETHUSDT data from luno for 50 days...
Fetched 757 candles for ETHUSDT
2025-07-26 17:28:49,488 - luno_trading_bot - ERROR - Error processing pair ETH/USDT: rsi() got an unexpected keyword argument 'timeperiod'
Fetching XRPUSDT data from luno for 50 days...
Fetched 1174 candles for XRPUSDT
2025-07-26 17:28:53,083 - luno_trading_bot - ERROR - Error processing pair XRP/USDT: rsi() got an unexpected keyword argument 'timeperiod'
Fetching BTCUSDT data from luno for 50 days...
Error fetching batch: luno does not have market symbol BTCUSDT
2025-07-26 17:28:58,085 - luno_trading_bot - WARNING - No historical data for BTC/USDT
Fetching ETHUSDT data from luno for 50 days...
Fetched 757 candles for ETHUSDT
2025-07-26 17:29:01,665 - luno_trading_bot - ERROR - Error processing pair ETH/USDT: rsi() got an unexpected keyword argument 'timeperiod'
Fetching XRPUSDT data from luno for 50 days...
Fetched 1174 candles for XRPUSDT
2025-07-26 17:29:05,297 - luno_trading_bot - ERROR - Error processing pair XRP/USDT: rsi() got an unexpected keyword argument 'timeperiod'
Fetching BTCUSDT data from luno for 50 days...
Error fetching batch: luno does not have market symbol BTCUSDT
2025-07-26 17:29:10,298 - luno_trading_bot - WARNING - No historical data for BTC/USDT
Fetching ETHUSDT data from luno for 50 days...
Fetched 757 candles for ETHUSDT
2025-07-26 17:29:13,889 - luno_trading_bot - ERROR - Error processing pair ETH/USDT: rsi() got an unexpected keyword argument 'timeperiod'
Fetching XRPUSDT data from luno for 50 days...
Fetching BTCZAR data from luno for 365 days...
Error fetching batch: luno does not have market symbol BTCZAR
Fetching ETHZAR data from luno for 365 days...
Fetched 1174 candles for XRPUSDT
2025-07-26 17:29:17,527 - luno_trading_bot - ERROR - Error processing pair XRP/USDT: rsi() got an unexpected keyword argument 'timeperiod'
Fetching BTCUSDT data from luno for 50 days...
Error fetching batch: luno does not have market symbol BTCUSDT
2025-07-26 17:29:22,528 - luno_trading_bot - WARNING - No historical data for BTC/USDT
Fetching ETHUSDT data from luno for 50 days...
Fetched 757 candles for ETHUSDT
2025-07-26 17:29:26,155 - luno_trading_bot - ERROR - Error processing pair ETH/USDT: rsi() got an unexpected keyword argument 'timeperiod'
Fetching XRPUSDT data from luno for 50 days...
Fetched 1174 candles for XRPUSDT
2025-07-26 17:29:29,786 - luno_trading_bot - ERROR - Error processing pair XRP/USDT: rsi() got an unexpected keyword argument 'timeperiod'
Fetching BTCUSDT data from luno for 50 days...
Error fetching batch: luno does not have market symbol BTCUSDT
2025-07-26 17:29:34,787 - luno_trading_bot - WARNING - No historical data for BTC/USDT
Fetching ETHUSDT data from luno for 50 days...
Fetched 8736 candles for ETHZAR
2025-07-26 17:29:37,602 - real_freqai_service - INFO - Training FreqAI model for ETH/ZAR
2025-07-26 17:29:49,073 - real_freqai_service - INFO - FreqAI model trained for ETH/ZAR: Accuracy=0.673
Fetching XRPZAR data from luno for 365 days...
Fetched 757 candles for ETHUSDT
2025-07-26 17:29:49,446 - luno_trading_bot - ERROR - Error processing pair ETH/USDT: rsi() got an unexpected keyword argument 'timeperiod'
Fetching XRPUSDT data from luno for 50 days...
Fetched 1174 candles for XRPUSDT
2025-07-26 17:29:53,070 - luno_trading_bot - ERROR - Error processing pair XRP/USDT: rsi() got an unexpected keyword argument 'timeperiod'
Fetching BTCUSDT data from luno for 50 days...
Error fetching batch: luno does not have market symbol BTCUSDT
2025-07-26 17:29:58,072 - luno_trading_bot - WARNING - No historical data for BTC/USDT
Fetching ETHUSDT data from luno for 50 days...
Fetched 757 candles for ETHUSDT
2025-07-26 17:30:01,634 - luno_trading_bot - ERROR - Error processing pair ETH/USDT: rsi() got an unexpected keyword argument 'timeperiod'
Fetching XRPUSDT data from luno for 50 days...
Fetched 1174 candles for XRPUSDT
2025-07-26 17:30:05,284 - luno_trading_bot - ERROR - Error processing pair XRP/USDT: rsi() got an unexpected keyword argument 'timeperiod'
Fetched 8759 candles for XRPZAR
2025-07-26 17:30:10,126 - real_freqai_service - INFO - Training FreqAI model for XRP/ZAR
2025-07-26 17:30:20,971 - real_freqai_service - INFO - FreqAI model trained for XRP/ZAR: Accuracy=0.787
INFO:     127.0.0.1:45468 - "POST /api/v1/freqai/train HTTP/1.1" 200 OK
Fetching BTCUSDT data from luno for 50 days...
Error fetching batch: luno does not have market symbol BTCUSDT
2025-07-26 17:30:21,005 - luno_trading_bot - WARNING - No historical data for BTC/USDT
Fetching ETHUSDT data from luno for 50 days...
INFO:     127.0.0.1:45468 - "GET /api/v1/freqai/status HTTP/1.1" 200 OK
Fetching ETHZAR data from luno for 50 days...
Fetched 757 candles for ETHUSDT
2025-07-26 17:30:24,604 - luno_trading_bot - ERROR - Error processing pair ETH/USDT: rsi() got an unexpected keyword argument 'timeperiod'
Fetching XRPUSDT data from luno for 50 days...
Fetched 1186 candles for ETHZAR
INFO:     127.0.0.1:45468 - "GET /api/v1/freqai/predict?pair=ETH/ZAR HTTP/1.1" 200 OK
Fetching XRPZAR data from luno for 50 days...
Fetched 1174 candles for XRPUSDT
2025-07-26 17:30:28,242 - luno_trading_bot - ERROR - Error processing pair XRP/USDT: rsi() got an unexpected keyword argument 'timeperiod'
Fetched 1199 candles for XRPZAR
INFO:     127.0.0.1:45468 - "GET /api/v1/freqai/predict?pair=XRP/ZAR HTTP/1.1" 200 OK
Fetching BTCZAR data from luno for 50 days...
Error fetching batch: luno does not have market symbol BTCZAR
INFO:     127.0.0.1:45468 - "GET /api/v1/freqai/predict?pair=BTC/ZAR HTTP/1.1" 500 Internal Server Error
INFO:     127.0.0.1:45468 - "POST /api/v1/start HTTP/1.1" 200 OK
2025-07-26 17:30:28,767 - luno_trading_bot - ERROR - Failed to get status: 'LunoFreqAIStrategy' object has no attribute 'name'
INFO:     127.0.0.1:45468 - "GET /api/v1/status HTTP/1.1" 500 Internal Server Error
2025-07-26 17:30:28,776 - luno_trading_bot - INFO - Trading bot stopped
INFO:     127.0.0.1:45468 - "POST /api/v1/stop HTTP/1.1" 200 OK
2025-07-26 17:30:33,243 - luno_trading_bot - INFO - Trading loop stopped
Fetching BTCZAR data from luno for 365 days...
Error fetching batch: luno does not have market symbol BTCZAR
Fetching ETHZAR data from luno for 365 days...
Fetched 8736 candles for ETHZAR
2025-07-26 17:31:35,337 - real_freqai_service - INFO - Training FreqAI model for ETH/ZAR
2025-07-26 17:31:46,947 - real_freqai_service - INFO - FreqAI model trained for ETH/ZAR: Accuracy=0.673
Fetching XRPZAR data from luno for 365 days...
Fetched 8759 candles for XRPZAR
2025-07-26 17:32:07,972 - real_freqai_service - INFO - Training FreqAI model for XRP/ZAR
2025-07-26 17:32:18,828 - real_freqai_service - INFO - FreqAI model trained for XRP/ZAR: Accuracy=0.787
INFO:     127.0.0.1:56514 - "POST /api/v1/freqai/train HTTP/1.1" 200 OK
INFO:     127.0.0.1:56514 - "GET /api/v1/freqai/status HTTP/1.1" 200 OK
Fetching ETHZAR data from luno for 50 days...
Fetched 1186 candles for ETHZAR
INFO:     127.0.0.1:56514 - "GET /api/v1/freqai/predict?pair=ETH/ZAR HTTP/1.1" 200 OK
Fetching XRPZAR data from luno for 50 days...
Fetched 1199 candles for XRPZAR
INFO:     127.0.0.1:56514 - "GET /api/v1/freqai/predict?pair=XRP/ZAR HTTP/1.1" 200 OK
Fetching BTCZAR data from luno for 50 days...
Error fetching batch: luno does not have market symbol BTCZAR
INFO:     127.0.0.1:56514 - "GET /api/v1/freqai/predict?pair=BTC/ZAR HTTP/1.1" 500 Internal Server Error
2025-07-26 17:32:26,236 - luno_trading_bot - INFO - Trading bot started
INFO:     127.0.0.1:56514 - "POST /api/v1/start HTTP/1.1" 200 OK
2025-07-26 17:32:26,236 - luno_trading_bot - INFO - Starting main trading loop
Fetching BTCUSDT data from luno for 50 days...
Error fetching batch: luno does not have market symbol BTCUSDT
2025-07-26 17:32:26,237 - luno_trading_bot - WARNING - No historical data for BTC/USDT
Fetching ETHUSDT data from luno for 50 days...
2025-07-26 17:32:26,394 - luno_trading_bot - ERROR - Failed to get status: 'LunoFreqAIStrategy' object has no attribute 'name'
INFO:     127.0.0.1:56514 - "GET /api/v1/status HTTP/1.1" 500 Internal Server Error
2025-07-26 17:32:26,406 - luno_trading_bot - INFO - Trading bot stopped
INFO:     127.0.0.1:56514 - "POST /api/v1/stop HTTP/1.1" 200 OK
Fetched 757 candles for ETHUSDT
2025-07-26 17:32:29,835 - luno_trading_bot - ERROR - Error processing pair ETH/USDT: rsi() got an unexpected keyword argument 'timeperiod'
Fetching XRPUSDT data from luno for 50 days...
Fetched 1174 candles for XRPUSDT
2025-07-26 17:32:33,434 - luno_trading_bot - ERROR - Error processing pair XRP/USDT: rsi() got an unexpected keyword argument 'timeperiod'
2025-07-26 17:32:38,435 - luno_trading_bot - INFO - Trading loop stopped
Fetching BTCZAR data from luno for 365 days...
Error fetching batch: luno does not have market symbol BTCZAR
Fetching ETHZAR data from luno for 365 days...
Fetched 8736 candles for ETHZAR
2025-07-26 17:34:48,190 - real_freqai_service - INFO - Training FreqAI model for ETH/ZAR
2025-07-26 17:34:59,762 - real_freqai_service - INFO - FreqAI model trained for ETH/ZAR: Accuracy=0.673
Fetching XRPZAR data from luno for 365 days...
Fetched 8759 candles for XRPZAR
2025-07-26 17:35:20,944 - real_freqai_service - INFO - Training FreqAI model for XRP/ZAR
2025-07-26 17:35:31,782 - real_freqai_service - INFO - FreqAI model trained for XRP/ZAR: Accuracy=0.787
INFO:     127.0.0.1:46184 - "POST /api/v1/freqai/train HTTP/1.1" 200 OK
INFO:     127.0.0.1:46184 - "GET /api/v1/freqai/status HTTP/1.1" 200 OK
Fetching BTCZAR data from luno for 50 days...
Error fetching batch: luno does not have market symbol BTCZAR
INFO:     127.0.0.1:46184 - "GET /api/v1/freqai/predict?pair=BTC/ZAR HTTP/1.1" 500 Internal Server Error
Fetching ETHZAR data from luno for 50 days...
Fetched 1186 candles for ETHZAR
INFO:     127.0.0.1:46184 - "GET /api/v1/freqai/predict?pair=ETH/ZAR HTTP/1.1" 200 OK
Fetching XRPZAR data from luno for 50 days...
Fetched 1199 candles for XRPZAR
INFO:     127.0.0.1:46184 - "GET /api/v1/freqai/predict?pair=XRP/ZAR HTTP/1.1" 200 OK
2025-07-26 17:35:39,158 - luno_trading_bot - INFO - Trading bot started
INFO:     127.0.0.1:46184 - "POST /api/v1/start HTTP/1.1" 200 OK
2025-07-26 17:35:39,158 - luno_trading_bot - INFO - Starting main trading loop
Fetching BTCUSDT data from luno for 50 days...
Error fetching batch: luno does not have market symbol BTCUSDT
2025-07-26 17:35:39,159 - luno_trading_bot - WARNING - No historical data for BTC/USDT
Fetching ETHUSDT data from luno for 50 days...
2025-07-26 17:35:39,323 - luno_trading_bot - ERROR - Failed to get status: 'LunoFreqAIStrategy' object has no attribute 'name'
INFO:     127.0.0.1:46184 - "GET /api/v1/status HTTP/1.1" 500 Internal Server Error
2025-07-26 17:35:39,374 - luno_trading_bot - INFO - Trading bot stopped
INFO:     127.0.0.1:46184 - "POST /api/v1/stop HTTP/1.1" 200 OK
Fetched 757 candles for ETHUSDT
2025-07-26 17:35:42,866 - luno_trading_bot - ERROR - Error processing pair ETH/USDT: rsi() got an unexpected keyword argument 'timeperiod'
Fetching XRPUSDT data from luno for 50 days...
INFO:     127.0.0.1:46184 - "GET /api/v1/freqai/status HTTP/1.1" 200 OK
Fetching INVALIDPAIR data from luno for 50 days...
Error fetching batch: luno does not have market symbol INVALIDPAIR
INFO:     127.0.0.1:46184 - "GET /api/v1/freqai/predict?pair=INVALID/PAIR HTTP/1.1" 500 Internal Server Error
Fetching ETHZAR data from luno for 50 days...
Fetched 1174 candles for XRPUSDT
2025-07-26 17:35:46,473 - luno_trading_bot - ERROR - Error processing pair XRP/USDT: rsi() got an unexpected keyword argument 'timeperiod'
Fetched 1186 candles for ETHZAR
INFO:     127.0.0.1:46184 - "GET /api/v1/freqai/predict?pair=ETH/ZAR HTTP/1.1" 200 OK
2025-07-26 17:35:46,875 - luno_trading_bot - ERROR - Failed to get status: 'LunoFreqAIStrategy' object has no attribute 'name'
INFO:     127.0.0.1:46184 - "GET /api/v1/status HTTP/1.1" 500 Internal Server Error
2025-07-26 17:35:51,474 - luno_trading_bot - INFO - Trading loop stopped
